[3.010s] DEBUG:colcon:Command line arguments: ['/usr/bin/colcon', 'list', '-p', '--base-paths', '/home/bhargav/ant_mark_1_ws']
[3.010s] DEBUG:colcon:Parsed command line arguments: Namespace(log_base=None, log_level=None, verb_name='list', build_base='build', ignore_user_meta=False, metas=['./colcon.meta'], base_paths=['/home/bhargav/ant_mark_1_ws'], packages_ignore=None, packages_ignore_regex=None, paths=None, packages_up_to=None, packages_up_to_regex=None, packages_above=None, packages_above_and_dependencies=None, packages_above_depth=None, packages_select_by_dep=None, packages_skip_by_dep=None, packages_skip_up_to=None, packages_select_build_failed=False, packages_skip_build_finished=False, packages_select_test_failures=False, packages_skip_test_passed=False, packages_select=None, packages_skip=None, packages_select_regex=None, packages_skip_regex=None, packages_start=None, packages_end=None, allow_overriding=[], topological_order=False, names_only=False, paths_only=True, topological_graph=False, topological_graph_dot=False, topological_graph_density=False, topological_graph_legend=False, topological_graph_dot_cluster=False, topological_graph_dot_include_skipped=False, verb_parser=<colcon_defaults.argument_parser.defaults.DefaultArgumentsDecorator object at 0x7f7606aac9d0>, verb_extension=<colcon_package_information.verb.list.ListVerb object at 0x7f7606aaf760>, main=<bound method ListVerb.main of <colcon_package_information.verb.list.ListVerb object at 0x7f7606aaf760>>)
[3.128s] Level 1:colcon.colcon_core.package_discovery:discover_packages(colcon_meta) check parameters
[3.128s] Level 1:colcon.colcon_core.package_discovery:discover_packages(recursive) check parameters
[3.128s] Level 1:colcon.colcon_core.package_discovery:discover_packages(ignore) check parameters
[3.128s] Level 1:colcon.colcon_core.package_discovery:discover_packages(path) check parameters
[3.128s] Level 1:colcon.colcon_core.package_discovery:discover_packages(recursive) discover
[3.128s] INFO:colcon.colcon_core.package_discovery:Crawling recursively for packages in '/home/bhargav/ant_mark_1_ws'
[3.129s] Level 1:colcon.colcon_core.package_identification:_identify(/home/bhargav/ant_mark_1_ws) by extensions ['ignore', 'ignore_ament_install']
[3.129s] Level 1:colcon.colcon_core.package_identification:_identify(/home/bhargav/ant_mark_1_ws) by extension 'ignore'
[3.131s] Level 1:colcon.colcon_core.package_identification:_identify(/home/bhargav/ant_mark_1_ws) by extension 'ignore_ament_install'
[3.132s] Level 1:colcon.colcon_core.package_identification:_identify(/home/bhargav/ant_mark_1_ws) by extensions ['colcon_pkg']
[3.132s] Level 1:colcon.colcon_core.package_identification:_identify(/home/bhargav/ant_mark_1_ws) by extension 'colcon_pkg'
[3.132s] Level 1:colcon.colcon_core.package_identification:_identify(/home/bhargav/ant_mark_1_ws) by extensions ['colcon_meta']
[3.132s] Level 1:colcon.colcon_core.package_identification:_identify(/home/bhargav/ant_mark_1_ws) by extension 'colcon_meta'
[3.132s] Level 1:colcon.colcon_core.package_identification:_identify(/home/bhargav/ant_mark_1_ws) by extensions ['ros']
[3.132s] Level 1:colcon.colcon_core.package_identification:_identify(/home/bhargav/ant_mark_1_ws) by extension 'ros'
[3.155s] Level 1:colcon.colcon_core.package_identification:_identify(/home/bhargav/ant_mark_1_ws) by extensions ['cmake', 'python']
[3.155s] Level 1:colcon.colcon_core.package_identification:_identify(/home/bhargav/ant_mark_1_ws) by extension 'cmake'
[3.155s] Level 1:colcon.colcon_core.package_identification:_identify(/home/bhargav/ant_mark_1_ws) by extension 'python'
[3.156s] Level 1:colcon.colcon_core.package_identification:_identify(/home/bhargav/ant_mark_1_ws) by extensions ['python_setup_py']
[3.156s] Level 1:colcon.colcon_core.package_identification:_identify(/home/bhargav/ant_mark_1_ws) by extension 'python_setup_py'
[3.156s] Level 1:colcon.colcon_core.package_identification:_identify(/home/bhargav/ant_mark_1_ws/build) by extensions ['ignore', 'ignore_ament_install']
[3.156s] Level 1:colcon.colcon_core.package_identification:_identify(/home/bhargav/ant_mark_1_ws/build) by extension 'ignore'
[3.156s] Level 1:colcon.colcon_core.package_identification:_identify(/home/bhargav/ant_mark_1_ws/build) ignored
[3.156s] Level 1:colcon.colcon_core.package_identification:_identify(/home/bhargav/ant_mark_1_ws/install) by extensions ['ignore', 'ignore_ament_install']
[3.157s] Level 1:colcon.colcon_core.package_identification:_identify(/home/bhargav/ant_mark_1_ws/install) by extension 'ignore'
[3.157s] Level 1:colcon.colcon_core.package_identification:_identify(/home/bhargav/ant_mark_1_ws/install) ignored
[3.157s] Level 1:colcon.colcon_core.package_identification:_identify(/home/bhargav/ant_mark_1_ws/log) by extensions ['ignore', 'ignore_ament_install']
[3.157s] Level 1:colcon.colcon_core.package_identification:_identify(/home/bhargav/ant_mark_1_ws/log) by extension 'ignore'
[3.157s] Level 1:colcon.colcon_core.package_identification:_identify(/home/bhargav/ant_mark_1_ws/log) ignored
[3.157s] Level 1:colcon.colcon_core.package_identification:_identify(/home/bhargav/ant_mark_1_ws/src) by extensions ['ignore', 'ignore_ament_install']
[3.157s] Level 1:colcon.colcon_core.package_identification:_identify(/home/bhargav/ant_mark_1_ws/src) by extension 'ignore'
[3.157s] Level 1:colcon.colcon_core.package_identification:_identify(/home/bhargav/ant_mark_1_ws/src) by extension 'ignore_ament_install'
[3.157s] Level 1:colcon.colcon_core.package_identification:_identify(/home/bhargav/ant_mark_1_ws/src) by extensions ['colcon_pkg']
[3.157s] Level 1:colcon.colcon_core.package_identification:_identify(/home/bhargav/ant_mark_1_ws/src) by extension 'colcon_pkg'
[3.157s] Level 1:colcon.colcon_core.package_identification:_identify(/home/bhargav/ant_mark_1_ws/src) by extensions ['colcon_meta']
[3.157s] Level 1:colcon.colcon_core.package_identification:_identify(/home/bhargav/ant_mark_1_ws/src) by extension 'colcon_meta'
[3.157s] Level 1:colcon.colcon_core.package_identification:_identify(/home/bhargav/ant_mark_1_ws/src) by extensions ['ros']
[3.157s] Level 1:colcon.colcon_core.package_identification:_identify(/home/bhargav/ant_mark_1_ws/src) by extension 'ros'
[3.157s] Level 1:colcon.colcon_core.package_identification:_identify(/home/bhargav/ant_mark_1_ws/src) by extensions ['cmake', 'python']
[3.158s] Level 1:colcon.colcon_core.package_identification:_identify(/home/bhargav/ant_mark_1_ws/src) by extension 'cmake'
[3.158s] Level 1:colcon.colcon_core.package_identification:_identify(/home/bhargav/ant_mark_1_ws/src) by extension 'python'
[3.158s] Level 1:colcon.colcon_core.package_identification:_identify(/home/bhargav/ant_mark_1_ws/src) by extensions ['python_setup_py']
[3.158s] Level 1:colcon.colcon_core.package_identification:_identify(/home/bhargav/ant_mark_1_ws/src) by extension 'python_setup_py'
[3.158s] Level 1:colcon.colcon_core.package_identification:_identify(/home/bhargav/ant_mark_1_ws/src/ant_mark_1) by extensions ['ignore', 'ignore_ament_install']
[3.158s] Level 1:colcon.colcon_core.package_identification:_identify(/home/bhargav/ant_mark_1_ws/src/ant_mark_1) by extension 'ignore'
[3.158s] Level 1:colcon.colcon_core.package_identification:_identify(/home/bhargav/ant_mark_1_ws/src/ant_mark_1) by extension 'ignore_ament_install'
[3.158s] Level 1:colcon.colcon_core.package_identification:_identify(/home/bhargav/ant_mark_1_ws/src/ant_mark_1) by extensions ['colcon_pkg']
[3.158s] Level 1:colcon.colcon_core.package_identification:_identify(/home/bhargav/ant_mark_1_ws/src/ant_mark_1) by extension 'colcon_pkg'
[3.158s] Level 1:colcon.colcon_core.package_identification:_identify(/home/bhargav/ant_mark_1_ws/src/ant_mark_1) by extensions ['colcon_meta']
[3.159s] Level 1:colcon.colcon_core.package_identification:_identify(/home/bhargav/ant_mark_1_ws/src/ant_mark_1) by extension 'colcon_meta'
[3.159s] Level 1:colcon.colcon_core.package_identification:_identify(/home/bhargav/ant_mark_1_ws/src/ant_mark_1) by extensions ['ros']
[3.159s] Level 1:colcon.colcon_core.package_identification:_identify(/home/bhargav/ant_mark_1_ws/src/ant_mark_1) by extension 'ros'
[3.163s] DEBUG:colcon.colcon_core.package_identification:Package '/home/bhargav/ant_mark_1_ws/src/ant_mark_1' with type 'ros.ament_cmake' and name 'ant_mark_1'
[3.164s] Level 1:colcon.colcon_core.package_discovery:discover_packages(recursive) using defaults
