[0.850s] DEBUG:colcon:Command line arguments: ['/usr/bin/colcon', 'build']
[0.850s] DEBUG:colcon:Parsed command line arguments: Namespace(log_base=None, log_level=None, verb_name='build', build_base='build', install_base='install', merge_install=False, symlink_install=False, test_result_base=None, continue_on_error=False, executor='parallel', parallel_workers=6, event_handlers=None, ignore_user_meta=False, metas=['./colcon.meta'], base_paths=['.'], packages_ignore=None, packages_ignore_regex=None, paths=None, packages_up_to=None, packages_up_to_regex=None, packages_above=None, packages_above_and_dependencies=None, packages_above_depth=None, packages_select_by_dep=None, packages_skip_by_dep=None, packages_skip_up_to=None, packages_select_build_failed=False, packages_skip_build_finished=False, packages_select_test_failures=False, packages_skip_test_passed=False, packages_select=None, packages_skip=None, packages_select_regex=None, packages_skip_regex=None, packages_start=None, packages_end=None, allow_overriding=[], cmake_args=None, cmake_target=None, cmake_target_skip_unavailable=False, cmake_clean_cache=False, cmake_clean_first=False, cmake_force_configure=False, ament_cmake_args=None, catkin_cmake_args=None, catkin_skip_building_tests=False, verb_parser=<colcon_defaults.argument_parser.defaults.DefaultArgumentsDecorator object at 0x7f29ee908280>, verb_extension=<colcon_core.verb.build.BuildVerb object at 0x7f29ee90abc0>, main=<bound method BuildVerb.main of <colcon_core.verb.build.BuildVerb object at 0x7f29ee90abc0>>)
[0.893s] Level 1:colcon.colcon_core.package_discovery:discover_packages(colcon_meta) check parameters
[0.894s] Level 1:colcon.colcon_core.package_discovery:discover_packages(recursive) check parameters
[0.894s] Level 1:colcon.colcon_core.package_discovery:discover_packages(ignore) check parameters
[0.894s] Level 1:colcon.colcon_core.package_discovery:discover_packages(path) check parameters
[0.894s] Level 1:colcon.colcon_core.package_discovery:discover_packages(colcon_meta) discover
[0.894s] Level 1:colcon.colcon_core.package_discovery:discover_packages(recursive) discover
[0.894s] INFO:colcon.colcon_core.package_discovery:Crawling recursively for packages in '/home/bhargav/ant_mark_1_ws'
[0.894s] Level 1:colcon.colcon_core.package_identification:_identify(.) by extensions ['ignore', 'ignore_ament_install']
[0.894s] Level 1:colcon.colcon_core.package_identification:_identify(.) by extension 'ignore'
[0.894s] Level 1:colcon.colcon_core.package_identification:_identify(.) by extension 'ignore_ament_install'
[0.894s] Level 1:colcon.colcon_core.package_identification:_identify(.) by extensions ['colcon_pkg']
[0.894s] Level 1:colcon.colcon_core.package_identification:_identify(.) by extension 'colcon_pkg'
[0.894s] Level 1:colcon.colcon_core.package_identification:_identify(.) by extensions ['colcon_meta']
[0.894s] Level 1:colcon.colcon_core.package_identification:_identify(.) by extension 'colcon_meta'
[0.894s] Level 1:colcon.colcon_core.package_identification:_identify(.) by extensions ['ros']
[0.894s] Level 1:colcon.colcon_core.package_identification:_identify(.) by extension 'ros'
[0.904s] Level 1:colcon.colcon_core.package_identification:_identify(.) by extensions ['cmake', 'python']
[0.904s] Level 1:colcon.colcon_core.package_identification:_identify(.) by extension 'cmake'
[0.904s] Level 1:colcon.colcon_core.package_identification:_identify(.) by extension 'python'
[0.904s] Level 1:colcon.colcon_core.package_identification:_identify(.) by extensions ['python_setup_py']
[0.904s] Level 1:colcon.colcon_core.package_identification:_identify(.) by extension 'python_setup_py'
[0.904s] Level 1:colcon.colcon_core.package_identification:_identify(build) by extensions ['ignore', 'ignore_ament_install']
[0.904s] Level 1:colcon.colcon_core.package_identification:_identify(build) by extension 'ignore'
[0.904s] Level 1:colcon.colcon_core.package_identification:_identify(build) ignored
[0.904s] Level 1:colcon.colcon_core.package_identification:_identify(install) by extensions ['ignore', 'ignore_ament_install']
[0.904s] Level 1:colcon.colcon_core.package_identification:_identify(install) by extension 'ignore'
[0.905s] Level 1:colcon.colcon_core.package_identification:_identify(install) ignored
[0.905s] Level 1:colcon.colcon_core.package_identification:_identify(log) by extensions ['ignore', 'ignore_ament_install']
[0.905s] Level 1:colcon.colcon_core.package_identification:_identify(log) by extension 'ignore'
[0.905s] Level 1:colcon.colcon_core.package_identification:_identify(log) ignored
[0.905s] Level 1:colcon.colcon_core.package_identification:_identify(src) by extensions ['ignore', 'ignore_ament_install']
[0.905s] Level 1:colcon.colcon_core.package_identification:_identify(src) by extension 'ignore'
[0.905s] Level 1:colcon.colcon_core.package_identification:_identify(src) by extension 'ignore_ament_install'
[0.905s] Level 1:colcon.colcon_core.package_identification:_identify(src) by extensions ['colcon_pkg']
[0.905s] Level 1:colcon.colcon_core.package_identification:_identify(src) by extension 'colcon_pkg'
[0.905s] Level 1:colcon.colcon_core.package_identification:_identify(src) by extensions ['colcon_meta']
[0.905s] Level 1:colcon.colcon_core.package_identification:_identify(src) by extension 'colcon_meta'
[0.905s] Level 1:colcon.colcon_core.package_identification:_identify(src) by extensions ['ros']
[0.905s] Level 1:colcon.colcon_core.package_identification:_identify(src) by extension 'ros'
[0.905s] Level 1:colcon.colcon_core.package_identification:_identify(src) by extensions ['cmake', 'python']
[0.905s] Level 1:colcon.colcon_core.package_identification:_identify(src) by extension 'cmake'
[0.905s] Level 1:colcon.colcon_core.package_identification:_identify(src) by extension 'python'
[0.905s] Level 1:colcon.colcon_core.package_identification:_identify(src) by extensions ['python_setup_py']
[0.905s] Level 1:colcon.colcon_core.package_identification:_identify(src) by extension 'python_setup_py'
[0.905s] Level 1:colcon.colcon_core.package_identification:_identify(src/ant_mark_1) by extensions ['ignore', 'ignore_ament_install']
[0.905s] Level 1:colcon.colcon_core.package_identification:_identify(src/ant_mark_1) by extension 'ignore'
[0.905s] Level 1:colcon.colcon_core.package_identification:_identify(src/ant_mark_1) by extension 'ignore_ament_install'
[0.906s] Level 1:colcon.colcon_core.package_identification:_identify(src/ant_mark_1) by extensions ['colcon_pkg']
[0.906s] Level 1:colcon.colcon_core.package_identification:_identify(src/ant_mark_1) by extension 'colcon_pkg'
[0.906s] Level 1:colcon.colcon_core.package_identification:_identify(src/ant_mark_1) by extensions ['colcon_meta']
[0.906s] Level 1:colcon.colcon_core.package_identification:_identify(src/ant_mark_1) by extension 'colcon_meta'
[0.906s] Level 1:colcon.colcon_core.package_identification:_identify(src/ant_mark_1) by extensions ['ros']
[0.906s] Level 1:colcon.colcon_core.package_identification:_identify(src/ant_mark_1) by extension 'ros'
[0.908s] DEBUG:colcon.colcon_core.package_identification:Package 'src/ant_mark_1' with type 'ros.ament_cmake' and name 'ant_mark_1'
[0.908s] Level 1:colcon.colcon_core.package_discovery:discover_packages(recursive) using defaults
[0.908s] Level 1:colcon.colcon_core.package_discovery:discover_packages(ignore) discover
[0.908s] Level 1:colcon.colcon_core.package_discovery:discover_packages(ignore) using defaults
[0.908s] Level 1:colcon.colcon_core.package_discovery:discover_packages(path) discover
[0.908s] Level 1:colcon.colcon_core.package_discovery:discover_packages(path) using defaults
[0.991s] Level 1:colcon.colcon_core.package_discovery:discover_packages(prefix_path) check parameters
[0.991s] Level 1:colcon.colcon_core.package_discovery:discover_packages(prefix_path) discover
[1.017s] DEBUG:colcon.colcon_installed_package_information.package_discovery:Found 273 installed packages in /opt/ros/humble
[1.018s] Level 1:colcon.colcon_core.package_discovery:discover_packages(prefix_path) using defaults
[1.093s] Level 5:colcon.colcon_core.verb:set package 'ant_mark_1' build argument 'cmake_args' from command line to 'None'
[1.093s] Level 5:colcon.colcon_core.verb:set package 'ant_mark_1' build argument 'cmake_target' from command line to 'None'
[1.093s] Level 5:colcon.colcon_core.verb:set package 'ant_mark_1' build argument 'cmake_target_skip_unavailable' from command line to 'False'
[1.093s] Level 5:colcon.colcon_core.verb:set package 'ant_mark_1' build argument 'cmake_clean_cache' from command line to 'False'
[1.093s] Level 5:colcon.colcon_core.verb:set package 'ant_mark_1' build argument 'cmake_clean_first' from command line to 'False'
[1.093s] Level 5:colcon.colcon_core.verb:set package 'ant_mark_1' build argument 'cmake_force_configure' from command line to 'False'
[1.093s] Level 5:colcon.colcon_core.verb:set package 'ant_mark_1' build argument 'ament_cmake_args' from command line to 'None'
[1.093s] Level 5:colcon.colcon_core.verb:set package 'ant_mark_1' build argument 'catkin_cmake_args' from command line to 'None'
[1.093s] Level 5:colcon.colcon_core.verb:set package 'ant_mark_1' build argument 'catkin_skip_building_tests' from command line to 'False'
[1.093s] DEBUG:colcon.colcon_core.verb:Building package 'ant_mark_1' with the following arguments: {'ament_cmake_args': None, 'build_base': '/home/bhargav/ant_mark_1_ws/build/ant_mark_1', 'catkin_cmake_args': None, 'catkin_skip_building_tests': False, 'cmake_args': None, 'cmake_clean_cache': False, 'cmake_clean_first': False, 'cmake_force_configure': False, 'cmake_target': None, 'cmake_target_skip_unavailable': False, 'install_base': '/home/bhargav/ant_mark_1_ws/install/ant_mark_1', 'merge_install': False, 'path': '/home/bhargav/ant_mark_1_ws/src/ant_mark_1', 'symlink_install': False, 'test_result_base': None}
[1.105s] INFO:colcon.colcon_core.executor:Executing jobs using 'parallel' executor
[1.118s] DEBUG:colcon.colcon_parallel_executor.executor.parallel:run_until_complete
[1.118s] INFO:colcon.colcon_ros.task.ament_cmake.build:Building ROS package in '/home/bhargav/ant_mark_1_ws/src/ant_mark_1' with build type 'ament_cmake'
[1.118s] INFO:colcon.colcon_cmake.task.cmake.build:Building CMake package in '/home/bhargav/ant_mark_1_ws/src/ant_mark_1'
[1.132s] INFO:colcon.colcon_core.plugin_system:Skipping extension 'colcon_core.shell.bat': Not used on non-Windows systems
[1.132s] INFO:colcon.colcon_core.shell:Skip shell extension 'powershell' for command environment: Not usable outside of PowerShell
[1.132s] DEBUG:colcon.colcon_core.shell:Skip shell extension 'dsv' for command environment
[1.182s] DEBUG:colcon.colcon_core.event_handler.log_command:Invoking command in '/home/bhargav/ant_mark_1_ws/build/ant_mark_1': CMAKE_PREFIX_PATH=/opt/ros/humble /usr/bin/cmake /home/bhargav/ant_mark_1_ws/src/ant_mark_1 -DCMAKE_INSTALL_PREFIX=/home/bhargav/ant_mark_1_ws/install/ant_mark_1
[1.666s] DEBUG:colcon.colcon_core.event_handler.log_command:Invoked command in '/home/bhargav/ant_mark_1_ws/build/ant_mark_1' returned '0': CMAKE_PREFIX_PATH=/opt/ros/humble /usr/bin/cmake /home/bhargav/ant_mark_1_ws/src/ant_mark_1 -DCMAKE_INSTALL_PREFIX=/home/bhargav/ant_mark_1_ws/install/ant_mark_1
[1.666s] DEBUG:colcon.colcon_core.event_handler.log_command:Invoking command in '/home/bhargav/ant_mark_1_ws/build/ant_mark_1': CMAKE_PREFIX_PATH=/opt/ros/humble /usr/bin/cmake --build /home/bhargav/ant_mark_1_ws/build/ant_mark_1 -- -j6 -l6
[1.699s] DEBUG:colcon.colcon_core.event_handler.log_command:Invoked command in '/home/bhargav/ant_mark_1_ws/build/ant_mark_1' returned '0': CMAKE_PREFIX_PATH=/opt/ros/humble /usr/bin/cmake --build /home/bhargav/ant_mark_1_ws/build/ant_mark_1 -- -j6 -l6
[1.722s] DEBUG:colcon.colcon_core.event_handler.log_command:Invoking command in '/home/bhargav/ant_mark_1_ws/build/ant_mark_1': CMAKE_PREFIX_PATH=/opt/ros/humble /usr/bin/cmake --install /home/bhargav/ant_mark_1_ws/build/ant_mark_1
[1.730s] Level 1:colcon.colcon_core.environment:create_environment_scripts_only(ant_mark_1)
[1.730s] DEBUG:colcon.colcon_core.event_handler.log_command:Invoked command in '/home/bhargav/ant_mark_1_ws/build/ant_mark_1' returned '0': CMAKE_PREFIX_PATH=/opt/ros/humble /usr/bin/cmake --install /home/bhargav/ant_mark_1_ws/build/ant_mark_1
[1.745s] Level 1:colcon.colcon_core.environment:checking '/home/bhargav/ant_mark_1_ws/install/ant_mark_1' for CMake module files
[1.746s] Level 1:colcon.colcon_core.environment:checking '/home/bhargav/ant_mark_1_ws/install/ant_mark_1' for CMake config files
[1.746s] Level 1:colcon.colcon_core.shell:create_environment_hook('ant_mark_1', 'cmake_prefix_path')
[1.758s] INFO:colcon.colcon_core.shell:Creating environment hook '/home/bhargav/ant_mark_1_ws/install/ant_mark_1/share/ant_mark_1/hook/cmake_prefix_path.ps1'
[1.759s] INFO:colcon.colcon_core.shell:Creating environment descriptor '/home/bhargav/ant_mark_1_ws/install/ant_mark_1/share/ant_mark_1/hook/cmake_prefix_path.dsv'
[1.759s] INFO:colcon.colcon_core.shell:Creating environment hook '/home/bhargav/ant_mark_1_ws/install/ant_mark_1/share/ant_mark_1/hook/cmake_prefix_path.sh'
[1.760s] Level 1:colcon.colcon_core.environment:checking '/home/bhargav/ant_mark_1_ws/install/ant_mark_1/bin'
[1.760s] Level 1:colcon.colcon_core.environment:checking '/home/bhargav/ant_mark_1_ws/install/ant_mark_1/lib/pkgconfig/ant_mark_1.pc'
[1.760s] Level 1:colcon.colcon_core.environment:checking '/home/bhargav/ant_mark_1_ws/install/ant_mark_1/lib/python3.10/site-packages'
[1.761s] Level 1:colcon.colcon_core.environment:checking '/home/bhargav/ant_mark_1_ws/install/ant_mark_1/bin'
[1.775s] INFO:colcon.colcon_core.shell:Creating package script '/home/bhargav/ant_mark_1_ws/install/ant_mark_1/share/ant_mark_1/package.ps1'
[1.776s] INFO:colcon.colcon_core.shell:Creating package descriptor '/home/bhargav/ant_mark_1_ws/install/ant_mark_1/share/ant_mark_1/package.dsv'
[1.776s] INFO:colcon.colcon_core.shell:Creating package script '/home/bhargav/ant_mark_1_ws/install/ant_mark_1/share/ant_mark_1/package.sh'
[1.777s] INFO:colcon.colcon_core.shell:Creating package script '/home/bhargav/ant_mark_1_ws/install/ant_mark_1/share/ant_mark_1/package.bash'
[1.777s] INFO:colcon.colcon_core.shell:Creating package script '/home/bhargav/ant_mark_1_ws/install/ant_mark_1/share/ant_mark_1/package.zsh'
[1.778s] Level 1:colcon.colcon_core.environment:create_file_with_runtime_dependencies(/home/bhargav/ant_mark_1_ws/install/ant_mark_1/share/colcon-core/packages/ant_mark_1)
[1.812s] Level 1:colcon.colcon_core.environment:create_environment_scripts_only(ant_mark_1)
[1.825s] Level 1:colcon.colcon_core.environment:checking '/home/bhargav/ant_mark_1_ws/install/ant_mark_1' for CMake module files
[1.825s] Level 1:colcon.colcon_core.environment:checking '/home/bhargav/ant_mark_1_ws/install/ant_mark_1' for CMake config files
[1.825s] Level 1:colcon.colcon_core.shell:create_environment_hook('ant_mark_1', 'cmake_prefix_path')
[1.838s] INFO:colcon.colcon_core.shell:Creating environment hook '/home/bhargav/ant_mark_1_ws/install/ant_mark_1/share/ant_mark_1/hook/cmake_prefix_path.ps1'
[1.838s] INFO:colcon.colcon_core.shell:Creating environment descriptor '/home/bhargav/ant_mark_1_ws/install/ant_mark_1/share/ant_mark_1/hook/cmake_prefix_path.dsv'
[1.839s] INFO:colcon.colcon_core.shell:Creating environment hook '/home/bhargav/ant_mark_1_ws/install/ant_mark_1/share/ant_mark_1/hook/cmake_prefix_path.sh'
[1.839s] Level 1:colcon.colcon_core.environment:checking '/home/bhargav/ant_mark_1_ws/install/ant_mark_1/bin'
[1.839s] Level 1:colcon.colcon_core.environment:checking '/home/bhargav/ant_mark_1_ws/install/ant_mark_1/lib/pkgconfig/ant_mark_1.pc'
[1.840s] Level 1:colcon.colcon_core.environment:checking '/home/bhargav/ant_mark_1_ws/install/ant_mark_1/lib/python3.10/site-packages'
[1.840s] Level 1:colcon.colcon_core.environment:checking '/home/bhargav/ant_mark_1_ws/install/ant_mark_1/bin'
[1.852s] INFO:colcon.colcon_core.shell:Creating package script '/home/bhargav/ant_mark_1_ws/install/ant_mark_1/share/ant_mark_1/package.ps1'
[1.852s] INFO:colcon.colcon_core.shell:Creating package descriptor '/home/bhargav/ant_mark_1_ws/install/ant_mark_1/share/ant_mark_1/package.dsv'
[1.853s] INFO:colcon.colcon_core.shell:Creating package script '/home/bhargav/ant_mark_1_ws/install/ant_mark_1/share/ant_mark_1/package.sh'
[1.853s] INFO:colcon.colcon_core.shell:Creating package script '/home/bhargav/ant_mark_1_ws/install/ant_mark_1/share/ant_mark_1/package.bash'
[1.854s] INFO:colcon.colcon_core.shell:Creating package script '/home/bhargav/ant_mark_1_ws/install/ant_mark_1/share/ant_mark_1/package.zsh'
[1.854s] Level 1:colcon.colcon_core.environment:create_file_with_runtime_dependencies(/home/bhargav/ant_mark_1_ws/install/ant_mark_1/share/colcon-core/packages/ant_mark_1)
[1.854s] DEBUG:colcon.colcon_parallel_executor.executor.parallel:closing loop
[1.854s] DEBUG:colcon.colcon_parallel_executor.executor.parallel:loop closed
[1.854s] DEBUG:colcon.colcon_parallel_executor.executor.parallel:run_until_complete finished with '0'
[1.854s] DEBUG:colcon.colcon_core.event_reactor:joining thread
[1.872s] INFO:colcon.colcon_core.plugin_system:Skipping extension 'colcon_notification.desktop_notification.terminal_notifier': Not used on non-Darwin systems
[1.872s] INFO:colcon.colcon_core.plugin_system:Skipping extension 'colcon_notification.desktop_notification.win32': Not used on non-Windows systems
[1.872s] INFO:colcon.colcon_notification.desktop_notification:Sending desktop notification using 'notify2'
[1.884s] DEBUG:colcon.colcon_core.event_reactor:joined thread
[1.898s] INFO:colcon.colcon_core.shell:Creating prefix script '/home/bhargav/ant_mark_1_ws/install/local_setup.ps1'
[1.899s] INFO:colcon.colcon_core.shell:Creating prefix util module '/home/bhargav/ant_mark_1_ws/install/_local_setup_util_ps1.py'
[1.900s] INFO:colcon.colcon_core.shell:Creating prefix chain script '/home/bhargav/ant_mark_1_ws/install/setup.ps1'
[1.915s] INFO:colcon.colcon_core.shell:Creating prefix script '/home/bhargav/ant_mark_1_ws/install/local_setup.sh'
[1.916s] INFO:colcon.colcon_core.shell:Creating prefix util module '/home/bhargav/ant_mark_1_ws/install/_local_setup_util_sh.py'
[1.916s] INFO:colcon.colcon_core.shell:Creating prefix chain script '/home/bhargav/ant_mark_1_ws/install/setup.sh'
[1.932s] INFO:colcon.colcon_core.shell:Creating prefix script '/home/bhargav/ant_mark_1_ws/install/local_setup.bash'
[1.933s] INFO:colcon.colcon_core.shell:Creating prefix chain script '/home/bhargav/ant_mark_1_ws/install/setup.bash'
[1.949s] INFO:colcon.colcon_core.shell:Creating prefix script '/home/bhargav/ant_mark_1_ws/install/local_setup.zsh'
[1.950s] INFO:colcon.colcon_core.shell:Creating prefix chain script '/home/bhargav/ant_mark_1_ws/install/setup.zsh'
